-------------------------------------------------------------------------------
Test set: org.example.TestSubtraction
-------------------------------------------------------------------------------
Tests run: 1, Failures: 1, Errors: 0, Skipped: 0, Time elapsed: 0.001 s <<< FAILURE! - in org.example.TestSubtraction
Subtract  Time elapsed: 0.001 s  <<< FAILURE!
org.opentest4j.AssertionFailedError: expected: <2> but was: <8>
	at org.example.TestSubtraction.Subtract(TestSubtraction.java:9)

